0 info it worked if it ends with ok
1 verbose cli [ '/usr/bin/node', '/usr/bin/npm', 'install', '--save', 'jasmine' ]
2 info using npm@1.4.9
3 info using node@v0.10.28
4 verbose node symlink /usr/bin/node
5 warn package.json mean@0.0.0 No repository field.
6 warn package.json mean@0.0.0 No README data
7 verbose readDependencies using package.json deps
8 verbose cache add [ 'jasmine', null ]
9 verbose cache add name=undefined spec="jasmine" args=["jasmine",null]
10 verbose parsed url { protocol: null,
10 verbose parsed url   slashes: null,
10 verbose parsed url   auth: null,
10 verbose parsed url   host: null,
10 verbose parsed url   port: null,
10 verbose parsed url   hostname: null,
10 verbose parsed url   hash: null,
10 verbose parsed url   search: null,
10 verbose parsed url   query: null,
10 verbose parsed url   pathname: 'jasmine',
10 verbose parsed url   path: 'jasmine',
10 verbose parsed url   href: 'jasmine' }
11 silly lockFile 5bfd08bd-jasmine jasmine
12 verbose lock jasmine /home/jshantz/.npm/5bfd08bd-jasmine.lock
13 silly lockFile 5bfd08bd-jasmine jasmine
14 silly lockFile 5bfd08bd-jasmine jasmine
15 verbose addNamed [ 'jasmine', '' ]
16 verbose addNamed [ null, '*' ]
17 silly lockFile fdd358a6-jasmine jasmine@
18 verbose lock jasmine@ /home/jshantz/.npm/fdd358a6-jasmine.lock
19 silly addNameRange { name: 'jasmine', range: '*', hasData: false }
20 verbose url raw jasmine
21 verbose url resolving [ 'https://registry.npmjs.org/', './jasmine' ]
22 verbose url resolved https://registry.npmjs.org/jasmine
23 info trying registry request attempt 1 at 13:06:44
24 http GET https://registry.npmjs.org/jasmine
25 http 404 https://registry.npmjs.org/jasmine
26 verbose headers { date: 'Sat, 12 Jul 2014 17:06:45 GMT',
26 verbose headers   server: 'CouchDB/1.5.0 (Erlang OTP/R16B03)',
26 verbose headers   'content-type': 'application/json',
26 verbose headers   'cache-control': 'max-age=0',
26 verbose headers   'content-length': '52',
26 verbose headers   'accept-ranges': 'bytes',
26 verbose headers   via: '1.1 varnish',
26 verbose headers   age: '0',
26 verbose headers   'x-served-by': 'cache-dfw1822-DFW',
26 verbose headers   'x-cache': 'MISS',
26 verbose headers   'x-cache-hits': '0',
26 verbose headers   'x-timer': 'S1405184805.139244,VS0,VE60',
26 verbose headers   'keep-alive': 'timeout=10, max=50',
26 verbose headers   connection: 'Keep-Alive' }
27 silly registry.get cb [ 404,
27 silly registry.get   { date: 'Sat, 12 Jul 2014 17:06:45 GMT',
27 silly registry.get     server: 'CouchDB/1.5.0 (Erlang OTP/R16B03)',
27 silly registry.get     'content-type': 'application/json',
27 silly registry.get     'cache-control': 'max-age=0',
27 silly registry.get     'content-length': '52',
27 silly registry.get     'accept-ranges': 'bytes',
27 silly registry.get     via: '1.1 varnish',
27 silly registry.get     age: '0',
27 silly registry.get     'x-served-by': 'cache-dfw1822-DFW',
27 silly registry.get     'x-cache': 'MISS',
27 silly registry.get     'x-cache-hits': '0',
27 silly registry.get     'x-timer': 'S1405184805.139244,VS0,VE60',
27 silly registry.get     'keep-alive': 'timeout=10, max=50',
27 silly registry.get     connection: 'Keep-Alive' } ]
28 silly lockFile fdd358a6-jasmine jasmine@
29 silly lockFile fdd358a6-jasmine jasmine@
30 error 404 404 Not Found: jasmine
30 error 404
30 error 404 'jasmine' is not in the npm registry.
30 error 404 You should bug the author to publish it
30 error 404 It was specified as a dependency of 'mean'
30 error 404
30 error 404 Note that you can also install from a
30 error 404 tarball, folder, or http url, or git url.
31 error System Linux 3.13.0-30-generic
32 error command "/usr/bin/node" "/usr/bin/npm" "install" "--save" "jasmine"
33 error cwd /home/jshantz/dev/mean
34 error node -v v0.10.28
35 error npm -v 1.4.9
36 error code E404
37 verbose exit [ 1, true ]
